C51 COMPILER V8.01   EX31_CTRL                                                             05/19/2008 04:13:01 PAGE 1   


C51 COMPILER V8.01, COMPILATION OF MODULE EX31_CTRL
OBJECT MODULE PLACED IN EX31-ctrl.OBJ
COMPILER INVOKED BY: C:\Keil\C51\BIN\C51.EXE EX31-ctrl.c DEBUG OBJECTEXTEND

line level    source

   1          /* EX31-ctrl.c  */
   2          #include <REG52.H>
   3          #include "lw_oopc_kc.h"
   4          #include "ex31-led.h"
   5          #include "ex31-ctrl.h"
   6          
   7          extern void* LEDNew();
   8          extern void g_delay(unsigned int);
   9          
  10          static void channel_1(char x) {
  11   1         P1 = x;
  12   1      }
  13          
  14          static void channel_0(char y) {
  15   1         P0 = y;
  16   1      }
  17          
  18          static int buffer[10] = {7, 2, 0, 4};
  19          
  20          static void data_in_channel(LED *t) {
  21   1          t->digits[0] = buffer[0];
  22   1              t->digits[1] = buffer[1];
  23   1              t->digits[2] = buffer[2];
  24   1              t->digits[3] = buffer[3];
  25   1      }
  26          
  27          static void init(CTRL *t)
  28          {
  29   1         t->ple = LEDNew();
  30   1         t->ple->scan_port = channel_1;
  31   1         t->ple->data_port = channel_0;
  32   1         t->ple->load_data = data_in_channel;
  33   1      }
  34          
  35          static void run(CTRL *t) {
  36   1         while(1) {
  37   2                 t->ple->load_data(t->ple);
  38   2             t->ple->show_digits(t->ple);
  39   2                 P0 = 0x00;
  40   2             P1 = 0x00;
  41   2             g_delay(10000);
  42   2               }
  43   1      }
  44           CTOR(CTRL)
  45   1              FUNCTION_SETTING(init, init)
  46   1              FUNCTION_SETTING(run, run)
  47   1      END_CTOR


MODULE INFORMATION:   STATIC OVERLAYABLE
   CODE SIZE        =    358    ----
   CONSTANT SIZE    =   ----    ----
   XDATA SIZE       =   ----    ----
   PDATA SIZE       =   ----    ----
   DATA SIZE        =     20       9
C51 COMPILER V8.01   EX31_CTRL                                                             05/19/2008 04:13:01 PAGE 2   

   IDATA SIZE       =   ----    ----
   BIT SIZE         =   ----    ----
END OF MODULE INFORMATION.


C51 COMPILATION COMPLETE.  0 WARNING(S),  0 ERROR(S)
