C51 COMPILER V8.01   BLINKY                                                                05/23/2008 22:57:14 PAGE 1   


C51 COMPILER V8.01, COMPILATION OF MODULE BLINKY
OBJECT MODULE PLACED IN BLINKY.OBJ
COMPILER INVOKED BY: C:\Keil\C51\BIN\C51.EXE BLINKY.C DEBUG OBJECTEXTEND

line level    source

   1          /*  EX01-08.C (BLINKY.C)  */
   2          #include <REG51F.H>
   3          #define LW_OOPC_PURE_STATIC
   4          #include "lw_oopc_kc.h"
   5          
   6          static void wait (void)  {                   /* wait function */
   7   1        ;                                   /* only to delay for LED flashes */
   8   1      }
   9          
  10          CLASS(LED)
  11          {
  12            void (*run)();
  13          };
  14          
  15          void run()
  16          {
  17   1        unsigned int i;              /* Delay var */
  18   1        unsigned char j;  
  19   1       for (j=0x01; j< 0x80; j<<=1)  {   /* Blink LED 0, 1, 2, 3, 4, 5, 6 */
  20   2            P1 = j;                         /* Output to LED Port */
  21   2            for (i = 0; i < 10000; i++)  {  /* Delay for 10000 Counts */
  22   3             wait ();                       /* call wait function */
  23   3            }
  24   2          }
  25   1      
  26   1          for (j=0x80; j> 0x01; j>>=1)  {   /* Blink LED 6, 5, 4, 3, 2, 1 */
  27   2            P1 = j;                         /* Output to LED Port */
  28   2            for (i = 0; i < 10000; i++)  {  /* Delay for 10000 Counts */
  29   3             wait ();                       /* call wait function */
  30   3            }
  31   2          }
  32   1      }
  33          
  34          /* ------------------------------------- */
  35          CLASS(Controller)
  36          {
  37              void (*doing)();
  38          };
  39          
  40          static void doing()
  41          {
  42   1          LED le; 
  43   1          le.run = run;
  44   1          while (1) {  
  45   2                 le.run();
  46   2              }
  47   1      }
  48          
  49          /* ---------------------------------------- */
  50          void main (void)  {
  51   1         Controller ctrl;
  52   1         ctrl.doing = doing;
  53   1         ctrl.doing();
  54   1      }

C51 COMPILER V8.01   BLINKY                                                                05/23/2008 22:57:14 PAGE 2   


MODULE INFORMATION:   STATIC OVERLAYABLE
   CODE SIZE        =    101    ----
   CONSTANT SIZE    =   ----    ----
   XDATA SIZE       =   ----    ----
   PDATA SIZE       =   ----    ----
   DATA SIZE        =   ----       6
   IDATA SIZE       =   ----    ----
   BIT SIZE         =   ----    ----
END OF MODULE INFORMATION.


C51 COMPILATION COMPLETE.  0 WARNING(S),  0 ERROR(S)
