C51 COMPILER V8.01   BLINKY                                                                05/19/2008 11:18:46 PAGE 1   


C51 COMPILER V8.01, COMPILATION OF MODULE BLINKY
OBJECT MODULE PLACED IN BLINKY.OBJ
COMPILER INVOKED BY: C:\Keil\C51\BIN\C51.EXE BLINKY.C DEBUG OBJECTEXTEND

line level    source

   1          /* EX32-ap-1.c (BLINKY.c) */
   2          #include <REG52.H>
   3          #include <stdio.h>
   4          #include "lw_oopc_kc.h" 
   5          #include "ex32-int.h"
   6          
   7          extern void* IntegerNew();
   8          
   9          CLASS(Document)
  10             {
  11                void (*init)(Document *t);
  12                    void (*display)(Document *t);
  13                Integer *pi;
  14             };
  15          
  16          static void init(Document *t)
  17             {  t->pi = IntegerNew(); 
  18   1            t->pi->init(t->pi);   }
  19          
  20          static void display(Document *t)
  21             {  t->pi->display(t->pi); }
  22          
  23          CTOR(Document)
  24   1          FUNCTION_SETTING(init, init);
  25   1              FUNCTION_SETTING(display, display);
  26   1      END_CTOR
  27          
  28          /* ----------------------------------- */
  29          char xdata MemPool[1024];
  30          
  31          void main() {
  32   1      Document *pdoc;
  33   1      
  34   1      init_mempool(MemPool,sizeof(MemPool));
  35   1      pdoc = DocumentNew();
  36   1      pdoc->init(pdoc);
  37   1      pdoc->display(pdoc); 
  38   1      while(1) {
  39   2                 ;
  40   2              }
  41   1      }


MODULE INFORMATION:   STATIC OVERLAYABLE
   CODE SIZE        =    272    ----
   CONSTANT SIZE    =   ----    ----
   XDATA SIZE       =   1024    ----
   PDATA SIZE       =   ----    ----
   DATA SIZE        =   ----      12
   IDATA SIZE       =   ----    ----
   BIT SIZE         =   ----    ----
END OF MODULE INFORMATION.


C51 COMPILATION COMPLETE.  0 WARNING(S),  0 ERROR(S)
