C51 COMPILER V8.01   BLINKY                                                                05/23/2008 18:23:11 PAGE 1   


C51 COMPILER V8.01, COMPILATION OF MODULE BLINKY
OBJECT MODULE PLACED IN BLINKY.OBJ
COMPILER INVOKED BY: C:\Keil\C51\BIN\C51.EXE BLINKY.C DEBUG OBJECTEXTEND

line level    source

   1          /*  EX01-02.C (BLINKY.C)  */
   2          #include <REG51F.H>
   3          #define LW_OOPC_STATIC
   4          #include "lw_oopc_kc.h"
   5          
   6          void wait (void)  {              
   7   1             ;                              
   8   1           }
   9          
  10          CLASS(LED)
  11          {
  12             void (*run)();
  13          };
  14          
  15          static void run(){
  16   1          unsigned int i;   unsigned char j;      
  17   1          for (j=0x01; j< 0x80; j<<=1)  {   
  18   2              P1 = j;                         
  19   2              for (i = 0; i < 10000; i++)  {  
  20   3                  wait ();                      
  21   3              }
  22   2          }
  23   1          for (j=0x80; j> 0x01; j>>=1)  {  
  24   2            P1 = j;                         
  25   2             for (i = 0; i < 10000; i++)  { 
  26   3                wait ();                      
  27   3            }    
  28   2          }
  29   1      }
  30          
  31          CTOR(LED)
  32   1         FUNCTION_SETTING(run, run)
  33   1      END_CTOR
  34          /* ----------------------------------------------- */
  35          void main (void)  {
  36   1          LED le; 
  37   1          LEDSetting(&le);     
  38   1          while (1) {                       
  39   2             le.run();
  40   2              }
  41   1      }


MODULE INFORMATION:   STATIC OVERLAYABLE
   CODE SIZE        =    120    ----
   CONSTANT SIZE    =   ----    ----
   XDATA SIZE       =   ----    ----
   PDATA SIZE       =   ----    ----
   DATA SIZE        =   ----       6
   IDATA SIZE       =   ----    ----
   BIT SIZE         =   ----    ----
END OF MODULE INFORMATION.


C51 COMPILATION COMPLETE.  0 WARNING(S),  0 ERROR(S)
