C51 COMPILER V8.01   BLINKY                                                                05/19/2008 11:42:17 PAGE 1   


C51 COMPILER V8.01, COMPILATION OF MODULE BLINKY
OBJECT MODULE PLACED IN BLINKY.OBJ
COMPILER INVOKED BY: C:\Keil\C51\BIN\C51.EXE BLINKY.C DEBUG OBJECTEXTEND

line level    source

   1          /* EX33-ap-4.c (BLINKY.c) */
   2          #include <REG52.H>
   3          #include "ex33-ifs.h"
   4          #include "ex33-ctrl.h"
   5          
   6          extern void* CTRLSetting(void*);
   7          char xdata MemPool[1024];
   8          
   9          void main (void)
  10          {
  11   1      
  12   1         CTRL controller;
  13   1         init_mempool(MemPool,sizeof(MemPool));
  14   1      //-----------------------------------
  15   1         CTRLSetting(&controller);
  16   1         controller.init(&controller);
  17   1         controller.start(&controller);
  18   1               
  19   1         while(1) {
  20   2             ;    
  21   2               }
  22   1      }
  23           


MODULE INFORMATION:   STATIC OVERLAYABLE
   CODE SIZE        =     52    ----
   CONSTANT SIZE    =   ----    ----
   XDATA SIZE       =   1024    ----
   PDATA SIZE       =   ----    ----
   DATA SIZE        =   ----      48
   IDATA SIZE       =   ----    ----
   BIT SIZE         =   ----    ----
END OF MODULE INFORMATION.


C51 COMPILATION COMPLETE.  0 WARNING(S),  0 ERROR(S)
