C51 COMPILER V8.01   BLINKY                                                                05/23/2008 19:07:02 PAGE 1   


C51 COMPILER V8.01, COMPILATION OF MODULE BLINKY
OBJECT MODULE PLACED IN BLINKY.OBJ
COMPILER INVOKED BY: C:\Keil\C51\BIN\C51.EXE BLINKY.C DEBUG OBJECTEXTEND

line level    source

   1          /* EX01-05.C (BLINKY.C) */
   2          #include <REG51F.H>
   3          #define LW_OOPC_STATIC
   4          #include "lw_oopc_kc.h"
   5          
   6          void wait (void)  {              
   7   1             ;                              
   8   1           }
   9          
  10          CLASS(LED)
  11          {
  12             void (*run)();
  13          };
  14          /* ---------------------------------------------*/
  15          static void run(){
  16   1           unsigned int i;              
  17   1           unsigned char j;      
  18   1               
  19   1               for (j=0x01; j< 0x80; j<<=1)  {   
  20   2              P1 = j;                         
  21   2              for (i = 0; i < 10000; i++)  {  
  22   3                  wait ();                      
  23   3              }
  24   2          }
  25   1      
  26   1          for (j=0x80; j> 0x01; j>>=1)  {  
  27   2             P1 = j;                         
  28   2             for (i = 0; i < 10000; i++)  { 
  29   3                wait ();                      
  30   3            }    
  31   2          }
  32   1      }
  33          
  34          CTOR(LED)
  35   1         FUNCTION_SETTING(run, run)
  36   1      END_CTOR
  37          /* -------------------------------------- */
  38          char NUMB[10] = {0xC0, 0xf9, 0xa4, 0xb0, 0x99, 0x92, 0x83, 0xf8, 0x80, 0x98}; 
  39          
  40          CLASS(SEG)
  41          {
  42             void (*show)();
  43          };
  44          
  45          static void show(){
  46   1           unsigned int x, i;              
  47   1               
  48   1               for (x=0; x < 10; x++)  {   
  49   2              P0 = NUMB[x];                         
  50   2              for (i = 0; i < 10000; i++)  {  
  51   3                  wait ();                      
  52   3              }
  53   2          }
  54   1       }
  55          
C51 COMPILER V8.01   BLINKY                                                                05/23/2008 19:07:02 PAGE 2   

  56          CTOR(SEG)
  57   1         FUNCTION_SETTING(show, show)
  58   1      END_CTOR
  59          /* --------------------------------------- */
  60          CLASS(Controller)
  61          {
  62              void (*doing)();
  63          };
  64          
  65          static void doing()
  66          {
  67   1              LED le;            SEG sg; 
  68   1          LEDSetting(&le);   SEGSetting(&sg);  
  69   1                                    
  70   1          while (1) {                       
  71   2             le.run();
  72   2                 sg.show();
  73   2              }
  74   1      }
  75          
  76          CTOR(Controller)
  77   1         FUNCTION_SETTING(doing, doing);
  78   1      END_CTOR
  79          /* ---------------------------------------- */
  80          void main (void)  {
  81   1         Controller ctrl;
  82   1         ControllerSetting(&ctrl);
  83   1         ctrl.doing();
  84   1      }


MODULE INFORMATION:   STATIC OVERLAYABLE
   CODE SIZE        =    259    ----
   CONSTANT SIZE    =   ----    ----
   XDATA SIZE       =   ----    ----
   PDATA SIZE       =   ----    ----
   DATA SIZE        =     10      18
   IDATA SIZE       =   ----    ----
   BIT SIZE         =   ----    ----
END OF MODULE INFORMATION.


C51 COMPILATION COMPLETE.  0 WARNING(S),  0 ERROR(S)
