C51 COMPILER V8.01   BLINKY                                                                05/19/2008 11:39:35 PAGE 1   


C51 COMPILER V8.01, COMPILATION OF MODULE BLINKY
OBJECT MODULE PLACED IN BLINKY.OBJ
COMPILER INVOKED BY: C:\Keil\C51\BIN\C51.EXE BLINKY.C DEBUG OBJECTEXTEND

line level    source

   1          /* EX32-ap-4.c (BLINKY.c) */
   2          #include "lw_oopc_kc.h"
   3          #include "ex32-il.h"
   4          #include "ex32-ctrl.h"
   5          #include "ex32-factory.h"
   6          
   7          extern void* FactoryNew();
   8          
   9          char xdata MemPool[1024];
  10          
  11          void main (void){
  12   1         Factory *fa; CTRL *ctrl;
  13   1         init_mempool(MemPool,sizeof(MemPool));
  14   1         fa = FactoryNew();
  15   1         fa->init(fa);
  16   1         //
  17   1         ctrl = fa->get_CTRL(fa);
  18   1         ctrl->send(ctrl, 0xaa);
  19   1          
  20   1         while(1) {
  21   2                  ;
  22   2               }
  23   1      }


MODULE INFORMATION:   STATIC OVERLAYABLE
   CODE SIZE        =    105    ----
   CONSTANT SIZE    =   ----    ----
   XDATA SIZE       =   1024    ----
   PDATA SIZE       =   ----    ----
   DATA SIZE        =   ----       6
   IDATA SIZE       =   ----    ----
   BIT SIZE         =   ----    ----
END OF MODULE INFORMATION.


C51 COMPILATION COMPLETE.  0 WARNING(S),  0 ERROR(S)
