C51 COMPILER V8.01   EX32_CTRL                                                             05/19/2008 11:25:46 PAGE 1   


C51 COMPILER V8.01, COMPILATION OF MODULE EX32_CTRL
OBJECT MODULE PLACED IN EX32-ctrl.OBJ
COMPILER INVOKED BY: C:\Keil\C51\BIN\C51.EXE EX32-ctrl.c DEBUG OBJECTEXTEND

line level    source

   1          /* EX32-ctrl.c */
   2          #include <REG51F.H>
   3          #include "lw_oopc_kc.h"
   4          #include "ex32-ctrl.h"
   5          
   6          static void send(CTRL* t, char hx)
   7          {
   8   1           t->pa->send(hx);
   9   1               t->pb->send(hx);
  10   1      }
  11          
  12          CTOR(CTRL)
  13   1        FUNCTION_SETTING(send, send)
  14   1      END_CTOR


MODULE INFORMATION:   STATIC OVERLAYABLE
   CODE SIZE        =    101    ----
   CONSTANT SIZE    =   ----    ----
   XDATA SIZE       =   ----    ----
   PDATA SIZE       =   ----    ----
   DATA SIZE        =   ----       7
   IDATA SIZE       =   ----    ----
   BIT SIZE         =   ----    ----
END OF MODULE INFORMATION.


C51 COMPILATION COMPLETE.  0 WARNING(S),  0 ERROR(S)
