C51 COMPILER V8.01   BLINKY                                                                05/19/2008 10:19:26 PAGE 1   


C51 COMPILER V8.01, COMPILATION OF MODULE BLINKY
OBJECT MODULE PLACED IN BLINKY.OBJ
COMPILER INVOKED BY: C:\Keil\C51\BIN\C51.EXE BLINKY.C DEBUG OBJECTEXTEND

line level    source

   1          /* EX33-ap-1.c  */
   2          #include <REG52.H>
   3          #include "lw_oopc_kc.h"
   4          #include "ex33-evs.h"
   5          #include "ex33-handler.h"
   6          
   7          void g_delay(unsigned int ms) {
   8   1         int i, j;
   9   1         for(i=0; i<ms; i++)
  10   1            for(j=0; j<120; j++);
  11   1      }
  12          
  13          extern void* HandlerNew();
  14          
  15          char xdata MemPool[1024];
  16          
  17          void main (void)
  18          {
  19   1         Handler *hnd;
  20   1         init_mempool(MemPool,sizeof(MemPool));
  21   1         //---------------------------------------
  22   1         hnd = HandlerNew();
  23   1         hnd->init(hnd);
  24   1                
  25   1         while(1) {
  26   2             hnd->change_state(hnd);
  27   2                 g_delay(6000);
  28   2               }
  29   1      }
  30           


MODULE INFORMATION:   STATIC OVERLAYABLE
   CODE SIZE        =    114    ----
   CONSTANT SIZE    =   ----    ----
   XDATA SIZE       =   1024    ----
   PDATA SIZE       =   ----    ----
   DATA SIZE        =   ----       3
   IDATA SIZE       =   ----    ----
   BIT SIZE         =   ----    ----
END OF MODULE INFORMATION.


C51 COMPILATION COMPLETE.  0 WARNING(S),  0 ERROR(S)
