C51 COMPILER V8.01   EX29_LIG                                                              05/17/2008 18:43:17 PAGE 1   


C51 COMPILER V8.01, COMPILATION OF MODULE EX29_LIG
OBJECT MODULE PLACED IN EX29-lig.OBJ
COMPILER INVOKED BY: C:\Keil\C51\BIN\C51.EXE EX29-lig.c BROWSE DEBUG OBJECTEXTEND

line level    source

   1          /* EX29-lig.c   */
   2          #include <REG51F.H>
   3          #include <stdio.h>
   4          
   5          #define LW_OOPC_STATIC
   6          #include "ex29-lig.h"
   7          
   8          sbit RED_pin = P0^0;
   9          sbit YELLOW_pin = P0^1;
  10          sbit GREEN_pin = P0^2;
  11                                                  
  12          void g_delay(unsigned int ms) {
  13   1         int i, j;
  14   1         for(i=0; i<ms; i++)
  15   1            for(j=0; j<120; j++);
  16   1      }
  17          
  18          static void init(TLight* t) {
  19   1          P0 = 0x00;
  20   1          t->state = 'R'; 
  21   1         }
  22          
  23          static void run(TLight* t) {
  24   1            switch(t->state) {
  25   2                case 'R':
  26   2                     t->state = 'G';
  27   2                         t->goto_G();
  28   2                         break;
  29   2                case 'G':
  30   2                     t->state = 'Y';
  31   2                         t->goto_Y();
  32   2                         break;
  33   2                case 'Y':
  34   2                 t->state = 'R';
  35   2                         t->goto_R();
  36   2                         break;
  37   2              }
  38   1      }
  39          static void goto_R() {
  40   1            RED_pin = 1;
  41   1                YELLOW_pin = 0;
  42   1                GREEN_pin = 0;
  43   1                g_delay(10000);
  44   1          } 
  45          static void goto_Y() {
  46   1            RED_pin = 0;
  47   1                YELLOW_pin = 1;
  48   1                GREEN_pin = 0;
  49   1                g_delay(3000);
  50   1          } 
  51          static void goto_G() {
  52   1            RED_pin = 0;
  53   1                YELLOW_pin = 0;
  54   1                GREEN_pin = 1;
  55   1                g_delay(10000);
C51 COMPILER V8.01   EX29_LIG                                                              05/17/2008 18:43:17 PAGE 2   

  56   1          }   
  57                  
  58          CTOR(TLight)
  59   1        FUNCTION_SETTING(init, init)
  60   1        FUNCTION_SETTING(run, run)
  61   1        FUNCTION_SETTING(goto_R, goto_R)
  62   1        FUNCTION_SETTING(goto_Y, goto_Y)
  63   1        FUNCTION_SETTING(goto_G, goto_G)
  64   1      END_CTOR
  65          
  66                                             


MODULE INFORMATION:   STATIC OVERLAYABLE
   CODE SIZE        =    298    ----
   CONSTANT SIZE    =   ----    ----
   XDATA SIZE       =   ----    ----
   PDATA SIZE       =   ----    ----
   DATA SIZE        =   ----       6
   IDATA SIZE       =   ----    ----
   BIT SIZE         =   ----    ----
END OF MODULE INFORMATION.


C51 COMPILATION COMPLETE.  0 WARNING(S),  0 ERROR(S)
