C51 COMPILER V8.01   BLINKY                                                                05/19/2008 11:35:10 PAGE 1   


C51 COMPILER V8.01, COMPILATION OF MODULE BLINKY
OBJECT MODULE PLACED IN BLINKY.OBJ
COMPILER INVOKED BY: C:\Keil\C51\BIN\C51.EXE BLINKY.C DEBUG OBJECTEXTEND

line level    source

   1          /* EX31-ap-1.c (BLINKY.c) */
   2          #include <REG52.H>
   3          #include "lw_oopc_kc.h"
   4          #include "ex31-led.h"
   5          
   6          
   7          extern void* LEDNew();
   8          char xdata MemPool[1024];
   9          
  10          void main (void) {
  11   1         LED *led;
  12   1         init_mempool(MemPool,sizeof(MemPool));
  13   1         /* -------------------------- */
  14   1         led = LEDNew();
  15   1         led->run(led);
  16   1      }
  17                                  


MODULE INFORMATION:   STATIC OVERLAYABLE
   CODE SIZE        =     45    ----
   CONSTANT SIZE    =   ----    ----
   XDATA SIZE       =   1024    ----
   PDATA SIZE       =   ----    ----
   DATA SIZE        =   ----       3
   IDATA SIZE       =   ----    ----
   BIT SIZE         =   ----    ----
END OF MODULE INFORMATION.


C51 COMPILATION COMPLETE.  0 WARNING(S),  0 ERROR(S)
