C51 COMPILER V8.01   EX31_LED                                                              05/19/2008 03:34:24 PAGE 1   


C51 COMPILER V8.01, COMPILATION OF MODULE EX31_LED
OBJECT MODULE PLACED IN EX31-led.OBJ
COMPILER INVOKED BY: C:\Keil\C51\BIN\C51.EXE EX31-led.c DEBUG OBJECTEXTEND

line level    source

   1          /*  EX31-led.c   */
   2          #include <REG52.H>
   3          #include "lw_oopc_kc.h"
   4          #include "ex31-led.h"
   5          
   6          void g_delay(unsigned long ms) {
   7   1         long i, j;
   8   1         for(i=0; i<ms; i++)
   9   1            for(j=0; j<120; j++);
  10   1      }
  11          
  12          static unsigned char SEGTAB[] = {0xC0, 0xf9, 0xa4, 0xb0, 0x99, 0x92, 0x83, 0xf8, 0x80, 0x98}; 
  13          static unsigned char SCANLINE[] = {0xf7, 0xfb, 0xfd, 0xfe}; 
  14          
  15          static void channel_1(char x) {
  16   1         P1 = x;
  17   1      }
  18          
  19          static void channel_0(char y) {
  20   1         P0 = y;
  21   1      }
  22          
  23          static void run(LED *t) {
  24   1          unsigned char ch, sc;
  25   1              t->data_port = channel_0;
  26   1              t->scan_port = channel_1;
  27   1                                                               
  28   1              /* -------------------- */
  29   1              P0 = 0xf0;
  30   1          ch = SEGTAB[0];
  31   1              sc = SCANLINE[0];
  32   1              t->scan_port(0xff);
  33   1              t->data_port(ch);
  34   1              t->scan_port(sc);
  35   1              g_delay(20000);
  36   1          /* -------------------- */
  37   1              ch = SEGTAB[9];
  38   1              sc = SCANLINE[1];
  39   1              t->scan_port(0xff);
  40   1              t->data_port(ch);
  41   1              t->scan_port(sc);
  42   1              g_delay(20000);
  43   1      }
  44          
  45          CTOR(LED)
  46   1              FUNCTION_SETTING(run, run)
  47   1      END_CTOR


MODULE INFORMATION:   STATIC OVERLAYABLE
   CODE SIZE        =    391    ----
   CONSTANT SIZE    =   ----    ----
   XDATA SIZE       =   ----    ----
   PDATA SIZE       =   ----    ----
   DATA SIZE        =     14      20
C51 COMPILER V8.01   EX31_LED                                                              05/19/2008 03:34:24 PAGE 2   

   IDATA SIZE       =   ----    ----
   BIT SIZE         =   ----    ----
END OF MODULE INFORMATION.


C51 COMPILATION COMPLETE.  0 WARNING(S),  0 ERROR(S)
